<?xml version="1.0" encoding="UTF-8"?>
<testsuite xmlns:xsi="http://www.w3.org/2001/XMLSchema-instance" xsi:noNamespaceSchemaLocation="https://maven.apache.org/surefire/maven-surefire-plugin/xsd/surefire-test-report-3.0.xsd" version="3.0" name="com.openclassrooms.tourguide.TestTourGuideService" time="77.995" tests="6" errors="0" skipped="0" failures="0">
  <properties>
[...]
</properties>
  <testcase name="getUserLocation" classname="com.openclassrooms.tourguide.TestTourGuideService" time="12.6">
    <system-out><![CDATA[10:26:47.373 [main] INFO com.openclassrooms.tourguide.service.RewardsService -- Initializing RewardsService
10:26:47.427 [main] INFO com.openclassrooms.tourguide.service.RewardsService -- Preloading attraction rewards for 26 attractions
10:26:59.812 [main] INFO com.openclassrooms.tourguide.service.RewardsService -- RewardsService initialized in 12439 ms
10:26:59.814 [main] INFO com.openclassrooms.tourguide.service.TourGuideService -- Initializing TourGuideService
10:26:59.825 [main] INFO com.openclassrooms.tourguide.service.TourGuideService -- RewardsService thread pool: core=48, max=96
10:26:59.825 [main] INFO com.openclassrooms.tourguide.service.TourGuideService -- TestMode enabled
10:26:59.874 [main] INFO com.openclassrooms.tourguide.service.TourGuideService -- getUserLocation: 43 ms
]]></system-out>
  </testcase>
  <testcase name="addUser" classname="com.openclassrooms.tourguide.TestTourGuideService" time="9.622">
    <system-out><![CDATA[10:26:59.887 [main] INFO com.openclassrooms.tourguide.service.RewardsService -- Initializing RewardsService
10:26:59.898 [main] INFO com.openclassrooms.tourguide.service.RewardsService -- Preloading attraction rewards for 26 attractions
10:27:09.495 [main] INFO com.openclassrooms.tourguide.service.RewardsService -- RewardsService initialized in 9607 ms
10:27:09.495 [main] INFO com.openclassrooms.tourguide.service.TourGuideService -- Initializing TourGuideService
10:27:09.506 [main] INFO com.openclassrooms.tourguide.service.TourGuideService -- RewardsService thread pool: core=48, max=96
10:27:09.507 [main] INFO com.openclassrooms.tourguide.service.TourGuideService -- TestMode enabled
]]></system-out>
  </testcase>
  <testcase name="getTripDeals" classname="com.openclassrooms.tourguide.TestTourGuideService" time="12.741">
    <system-out><![CDATA[10:27:09.510 [main] INFO com.openclassrooms.tourguide.service.RewardsService -- Initializing RewardsService
10:27:09.523 [main] INFO com.openclassrooms.tourguide.service.RewardsService -- Preloading attraction rewards for 26 attractions
10:27:22.226 [main] INFO com.openclassrooms.tourguide.service.RewardsService -- RewardsService initialized in 12709 ms
10:27:22.226 [main] INFO com.openclassrooms.tourguide.service.TourGuideService -- Initializing TourGuideService
10:27:22.237 [main] INFO com.openclassrooms.tourguide.service.TourGuideService -- RewardsService thread pool: core=48, max=96
10:27:22.237 [main] INFO com.openclassrooms.tourguide.service.TourGuideService -- TestMode enabled
]]></system-out>
  </testcase>
  <testcase name="getAllUsers" classname="com.openclassrooms.tourguide.TestTourGuideService" time="13.782">
    <system-out><![CDATA[10:27:22.251 [main] INFO com.openclassrooms.tourguide.service.RewardsService -- Initializing RewardsService
10:27:22.264 [main] INFO com.openclassrooms.tourguide.service.RewardsService -- Preloading attraction rewards for 26 attractions
10:27:36.021 [main] INFO com.openclassrooms.tourguide.service.RewardsService -- RewardsService initialized in 13759 ms
10:27:36.021 [main] INFO com.openclassrooms.tourguide.service.TourGuideService -- Initializing TourGuideService
10:27:36.032 [main] INFO com.openclassrooms.tourguide.service.TourGuideService -- RewardsService thread pool: core=48, max=96
10:27:36.032 [main] INFO com.openclassrooms.tourguide.service.TourGuideService -- TestMode enabled
]]></system-out>
  </testcase>
  <testcase name="trackUser" classname="com.openclassrooms.tourguide.TestTourGuideService" time="14.889">
    <system-out><![CDATA[10:27:36.034 [main] INFO com.openclassrooms.tourguide.service.RewardsService -- Initializing RewardsService
10:27:36.046 [main] INFO com.openclassrooms.tourguide.service.RewardsService -- Preloading attraction rewards for 26 attractions
10:27:50.833 [main] INFO com.openclassrooms.tourguide.service.RewardsService -- RewardsService initialized in 14793 ms
10:27:50.833 [main] INFO com.openclassrooms.tourguide.service.TourGuideService -- Initializing TourGuideService
10:27:50.846 [main] INFO com.openclassrooms.tourguide.service.TourGuideService -- RewardsService thread pool: core=48, max=96
10:27:50.846 [main] INFO com.openclassrooms.tourguide.service.TourGuideService -- TestMode enabled
10:27:50.923 [main] INFO com.openclassrooms.tourguide.service.TourGuideService -- getUserLocation: 75 ms
]]></system-out>
  </testcase>
  <testcase name="getNearbyAttractions" classname="com.openclassrooms.tourguide.TestTourGuideService" time="14.337">
    <system-out><![CDATA[10:27:50.925 [main] INFO com.openclassrooms.tourguide.service.RewardsService -- Initializing RewardsService
10:27:50.936 [main] INFO com.openclassrooms.tourguide.service.RewardsService -- Preloading attraction rewards for 26 attractions
10:28:05.201 [main] INFO com.openclassrooms.tourguide.service.RewardsService -- RewardsService initialized in 14274 ms
10:28:05.201 [main] INFO com.openclassrooms.tourguide.service.TourGuideService -- Initializing TourGuideService
10:28:05.213 [main] INFO com.openclassrooms.tourguide.service.TourGuideService -- RewardsService thread pool: core=48, max=96
10:28:05.213 [main] INFO com.openclassrooms.tourguide.service.TourGuideService -- TestMode enabled
10:28:05.258 [main] INFO com.openclassrooms.tourguide.service.TourGuideService -- getUserLocation: 44 ms
]]></system-out>
  </testcase>
</testsuite>