<?xml version="1.0" encoding="UTF-8"?>
<testsuite xmlns:xsi="http://www.w3.org/2001/XMLSchema-instance" xsi:noNamespaceSchemaLocation="https://maven.apache.org/surefire/maven-surefire-plugin/xsd/surefire-test-report-3.0.xsd" version="3.0" name="com.openclassrooms.tourguide.TestTourGuideService" time="76.124" tests="6" errors="0" skipped="0" failures="0">
  <properties>
[...]
</properties>
  <testcase name="getUserLocation" classname="com.openclassrooms.tourguide.TestTourGuideService" time="12.004">
    <system-out><![CDATA[15:18:10.666 [main] INFO com.openclassrooms.tourguide.service.RewardsService -- Initializing RewardsService
15:18:10.729 [main] INFO com.openclassrooms.tourguide.service.RewardsService -- Preloading attraction rewards for 26 attractions
15:18:22.474 [main] INFO com.openclassrooms.tourguide.service.RewardsService -- RewardsService initialized in 11808 ms
15:18:22.478 [main] INFO com.openclassrooms.tourguide.service.TourGuideService -- Initializing TourGuideService
15:18:22.490 [main] INFO com.openclassrooms.tourguide.service.TourGuideService -- RewardsService thread pool: core=48, max=96
15:18:22.490 [main] INFO com.openclassrooms.tourguide.service.TourGuideService -- TestMode enabled
15:18:22.575 [main] INFO com.openclassrooms.tourguide.service.TourGuideService -- getUserLocation: 77 ms
]]></system-out>
  </testcase>
  <testcase name="addUser" classname="com.openclassrooms.tourguide.TestTourGuideService" time="14.404">
    <system-out><![CDATA[15:18:22.591 [main] INFO com.openclassrooms.tourguide.service.RewardsService -- Initializing RewardsService
15:18:22.603 [main] INFO com.openclassrooms.tourguide.service.RewardsService -- Preloading attraction rewards for 26 attractions
15:18:36.980 [main] INFO com.openclassrooms.tourguide.service.RewardsService -- RewardsService initialized in 14388 ms
15:18:36.980 [main] INFO com.openclassrooms.tourguide.service.TourGuideService -- Initializing TourGuideService
15:18:36.993 [main] INFO com.openclassrooms.tourguide.service.TourGuideService -- RewardsService thread pool: core=48, max=96
15:18:36.993 [main] INFO com.openclassrooms.tourguide.service.TourGuideService -- TestMode enabled
]]></system-out>
  </testcase>
  <testcase name="getTripDeals" classname="com.openclassrooms.tourguide.TestTourGuideService" time="12.246">
    <system-out><![CDATA[15:18:36.996 [main] INFO com.openclassrooms.tourguide.service.RewardsService -- Initializing RewardsService
15:18:37.008 [main] INFO com.openclassrooms.tourguide.service.RewardsService -- Preloading attraction rewards for 26 attractions
15:18:49.186 [main] INFO com.openclassrooms.tourguide.service.RewardsService -- RewardsService initialized in 12190 ms
15:18:49.187 [main] INFO com.openclassrooms.tourguide.service.TourGuideService -- Initializing TourGuideService
15:18:49.198 [main] INFO com.openclassrooms.tourguide.service.TourGuideService -- RewardsService thread pool: core=48, max=96
15:18:49.198 [main] INFO com.openclassrooms.tourguide.service.TourGuideService -- TestMode enabled
]]></system-out>
  </testcase>
  <testcase name="getAllUsers" classname="com.openclassrooms.tourguide.TestTourGuideService" time="11.113">
    <system-out><![CDATA[15:18:49.243 [main] INFO com.openclassrooms.tourguide.service.RewardsService -- Initializing RewardsService
15:18:49.256 [main] INFO com.openclassrooms.tourguide.service.RewardsService -- Preloading attraction rewards for 26 attractions
15:19:00.340 [main] INFO com.openclassrooms.tourguide.service.RewardsService -- RewardsService initialized in 11096 ms
15:19:00.341 [main] INFO com.openclassrooms.tourguide.service.TourGuideService -- Initializing TourGuideService
15:19:00.352 [main] INFO com.openclassrooms.tourguide.service.TourGuideService -- RewardsService thread pool: core=48, max=96
15:19:00.353 [main] INFO com.openclassrooms.tourguide.service.TourGuideService -- TestMode enabled
15:19:00.354 [pool-13-thread-1] INFO com.openclassrooms.tourguide.service.TourGuideService -- getUserLocation: 0 ms
]]></system-out>
  </testcase>
  <testcase name="trackUser" classname="com.openclassrooms.tourguide.TestTourGuideService" time="12.024">
    <system-out><![CDATA[15:19:00.357 [main] INFO com.openclassrooms.tourguide.service.RewardsService -- Initializing RewardsService
15:19:00.369 [main] INFO com.openclassrooms.tourguide.service.RewardsService -- Preloading attraction rewards for 26 attractions
15:19:00.456 [pool-13-thread-1] INFO com.openclassrooms.tourguide.service.TourGuideService -- getUserLocation: 101 ms
15:19:12.311 [main] INFO com.openclassrooms.tourguide.service.RewardsService -- RewardsService initialized in 11953 ms
15:19:12.311 [main] INFO com.openclassrooms.tourguide.service.TourGuideService -- Initializing TourGuideService
15:19:12.324 [main] INFO com.openclassrooms.tourguide.service.TourGuideService -- RewardsService thread pool: core=48, max=96
15:19:12.324 [main] INFO com.openclassrooms.tourguide.service.TourGuideService -- TestMode enabled
15:19:12.379 [main] INFO com.openclassrooms.tourguide.service.TourGuideService -- getUserLocation: 54 ms
]]></system-out>
  </testcase>
  <testcase name="getNearbyAttractions" classname="com.openclassrooms.tourguide.TestTourGuideService" time="14.308">
    <system-out><![CDATA[15:19:12.381 [main] INFO com.openclassrooms.tourguide.service.RewardsService -- Initializing RewardsService
15:19:12.394 [main] INFO com.openclassrooms.tourguide.service.RewardsService -- Preloading attraction rewards for 26 attractions
15:19:26.603 [main] INFO com.openclassrooms.tourguide.service.RewardsService -- RewardsService initialized in 14221 ms
15:19:26.603 [main] INFO com.openclassrooms.tourguide.service.TourGuideService -- Initializing TourGuideService
15:19:26.615 [main] INFO com.openclassrooms.tourguide.service.TourGuideService -- RewardsService thread pool: core=48, max=96
15:19:26.615 [main] INFO com.openclassrooms.tourguide.service.TourGuideService -- TestMode enabled
15:19:26.686 [main] INFO com.openclassrooms.tourguide.service.TourGuideService -- getUserLocation: 70 ms
]]></system-out>
  </testcase>
</testsuite>